Building DAG of jobs...
Using shell: /cvmfs/soft.computecanada.ca/nix/var/nix/profiles/16.09/bin/bash
Provided cores: 1 (use --cores to define parallelism)
Rules claiming more threads will be scaled down.
Job counts:
	count	jobs
	1	all
	2	gif_hippo
	1	visualize
	4

[Thu May 28 00:51:49 2020]
rule visualize:
    input: output/unfold_data.pkl
    output: output/unfold_data.csv
    jobid: 6

[Thu May 28 00:53:41 2020]
Error in rule visualize:
    jobid: 6
    output: output/unfold_data.csv

RuleException:
CalledProcessError in line 78 of /scratch/myousif9/snakemake_hippocampal_unfolding/Snakefile:
Command 'set -euo pipefail;  /home/myousif9/venv3/bin/python /scratch/myousif9/snakemake_hippocampal_unfolding/.snakemake/scripts/tmpcbmr3qf0.visualize.py' returned non-zero exit status 1.
  File "/scratch/myousif9/snakemake_hippocampal_unfolding/Snakefile", line 78, in __rule_visualize
  File "/cvmfs/soft.computecanada.ca/easybuild/software/2017/Core/python/3.7.4/lib/python3.7/concurrent/futures/thread.py", line 57, in run
Shutting down, this might take some time.
Exiting because a job execution failed. Look above for error message
Complete log: /scratch/myousif9/snakemake_hippocampal_unfolding/.snakemake/log/2020-05-28T005148.326534.snakemake.log
