Building DAG of jobs...
Using shell: /cvmfs/soft.computecanada.ca/nix/var/nix/profiles/16.09/bin/bash
Provided cores: 1 (use --cores to define parallelism)
Rules claiming more threads will be scaled down.
Job counts:
	count	jobs
	1	all
	1	gif_hippo
	2

[Thu May 21 12:15:54 2020]
rule gif_hippo:
    input: /scratch/jdekrake/hcp_unfolding3/100610/hemi-L/coords-AP.nii.gz, /scratch/jdekrake/hcp_unfolding3/100610/hemi-L/coords-IO.nii.gz, /scratch/jdekrake/hcp_unfolding3/100610/hemi-L/coords-PD.nii.gz
    output: /scratch/jdekrake/hcp_unfolding3/100610/hemi-L/coords-AP.nii, /scratch/jdekrake/hcp_unfolding3/100610/hemi-L/coords-IO.nii, /scratch/jdekrake/hcp_unfolding3/100610/hemi-L/coords-PD.nii, output/100610_ap.nii, output/100610_io.nii, output/100610_pd.nii, output/100610_ap.gif, output/100610_io.gif, output/100610_pd.gif
    log: logs/gif_hippo_100610.log
    jobid: 2
    wildcards: subject=100610

Waiting at most 5 seconds for missing files.
MissingOutputException in line 37 of /scratch/myousif9/snakemake_hippocampal_unfolding/Snakefile:
Missing files after 5 seconds:
/scratch/jdekrake/hcp_unfolding3/100610/hemi-L/coords-AP.nii
/scratch/jdekrake/hcp_unfolding3/100610/hemi-L/coords-IO.nii
/scratch/jdekrake/hcp_unfolding3/100610/hemi-L/coords-PD.nii
This might be due to filesystem latency. If that is the case, consider to increase the wait time with --latency-wait.
Removing output files of failed job gif_hippo since they might be corrupted:
output/100610_ap.nii, output/100610_io.nii, output/100610_pd.nii, output/100610_ap.gif, output/100610_io.gif, output/100610_pd.gif
Shutting down, this might take some time.
Exiting because a job execution failed. Look above for error message
Complete log: /scratch/myousif9/snakemake_hippocampal_unfolding/.snakemake/log/2020-05-21T121553.505574.snakemake.log
