Building DAG of jobs...
Using shell: /cvmfs/soft.computecanada.ca/nix/var/nix/profiles/16.09/bin/bash
Provided cores: 1 (use --cores to define parallelism)
Rules claiming more threads will be scaled down.
Job counts:
	count	jobs
	1	all
	1	pickle_to_csv
	2

[Fri Jul 17 10:40:02 2020]
rule pickle_to_csv:
    input: output/unfold_data.pkl
    output: output/unfold_data.csv
    jobid: 2

[Fri Jul 17 10:40:04 2020]
Finished job 2.
1 of 2 steps (50%) done

[Fri Jul 17 10:40:04 2020]
localrule all:
    input: output/601127_unfolded.npz, output/601127_unfold_data.pkl, output/601127_hemi-L_GI_unfold.png, output/601127_hemi-L_streamlengths_unfold.png, output/601127_hemi-L_qMap_unfold.png, output/unfold_data.pkl, output/unfold_data.csv, output/601127_hemi-L_AP_viridis.gif, output/601127_hemi-L_IO_viridis.gif, output/601127_hemi-L_PD_viridis.gif, output/601127_hemi-L_GI_violinplot_group.png, output/601127_hemi-L_GI_lineplot_group.png, output/601127_hemi-L_streamlengths_violinplot_group.png, output/601127_hemi-L_streamlengths_lineplot_group.png, output/601127_hemi-L_qMap_violinplot_group.png, output/601127_hemi-L_qMap_lineplot_group.png
    jobid: 0

[Fri Jul 17 10:40:04 2020]
Finished job 0.
2 of 2 steps (100%) done
Complete log: /scratch/myousif9/snakemake_hippocampal_unfolding/.snakemake/log/2020-07-17T104002.056254.snakemake.log
