Building DAG of jobs...
Using shell: /cvmfs/soft.computecanada.ca/nix/var/nix/profiles/16.09/bin/bash
Provided cores: 1 (use --cores to define parallelism)
Rules claiming more threads will be scaled down.
Job counts:
	count	jobs
	1	gif_hippo
	1

[Wed May 27 12:03:51 2020]
rule gif_hippo:
    input: /scratch/jdekrake/hcp_unfolding3/100610/hemi-L/coords-AP.nii.gz, /scratch/jdekrake/hcp_unfolding3/100610/hemi-L/coords-IO.nii.gz, /scratch/jdekrake/hcp_unfolding3/100610/hemi-L/coords-PD.nii.gz
    output: output/100610_AP_viridis.gif, output/100610_IO_viridis.gif, output/100610_PD_viridis.gif
    log: logs/gif_hippo_100610.log
    jobid: 0
    wildcards: subject=100610

Waiting at most 5 seconds for missing files.
MissingOutputException in line 40 of /scratch/myousif9/snakemake_hippocampal_unfolding/Snakefile:
Missing files after 5 seconds:
output/100610_AP_viridis.gif
output/100610_IO_viridis.gif
output/100610_PD_viridis.gif
This might be due to filesystem latency. If that is the case, consider to increase the wait time with --latency-wait.
Shutting down, this might take some time.
Exiting because a job execution failed. Look above for error message
Complete log: /scratch/myousif9/snakemake_hippocampal_unfolding/.snakemake/log/2020-05-27T120350.828735.snakemake.log
