Building DAG of jobs...
Using shell: /cvmfs/soft.computecanada.ca/nix/var/nix/profiles/16.09/bin/bash
Provided cores: 1 (use --cores to define parallelism)
Rules claiming more threads will be scaled down.
Job counts:
	count	jobs
	1	aggregate
	1	all
	1	data_extraction
	2	gen_figure
	5

[Thu Jul  2 23:13:42 2020]
rule gen_figure:
    input: /scratch/jdekrake/Hippocampal_AutoTop/misc/BigBrain_ManualSubfieldsUnfolded.mat, /home/myousif9/scratch/hcp_unfolding3_jdkrek/601127/hemi-L/surf.mat
    output: output/601127_hemi-L_GI_unfold.png
    jobid: 2
    wildcards: subject=601127, hemi=L, feature=GI

[Thu Jul  2 23:13:45 2020]
Finished job 2.
1 of 5 steps (20%) done

[Thu Jul  2 23:13:45 2020]
rule data_extraction:
    input: /scratch/jdekrake/Hippocampal_AutoTop/misc/BigBrain_ManualSubfieldsUnfolded.mat, /home/myousif9/scratch/hcp_unfolding3_jdkrek/601127/hemi-L/surf.mat
    output: output/601127_unfolded.npz, output/601127_unfold_data.pkl
    jobid: 1
    wildcards: subject=601127

[Thu Jul  2 23:13:48 2020]
Finished job 1.
2 of 5 steps (40%) done

[Thu Jul  2 23:13:48 2020]
rule gen_figure:
    input: /scratch/jdekrake/Hippocampal_AutoTop/misc/BigBrain_ManualSubfieldsUnfolded.mat, /home/myousif9/scratch/hcp_unfolding3_jdkrek/601127/hemi-L/surf.mat
    output: output/601127_hemi-L_streamlengths_unfold.png
    jobid: 3
    wildcards: subject=601127, hemi=L, feature=streamlengths

[Thu Jul  2 23:13:51 2020]
Finished job 3.
3 of 5 steps (60%) done

[Thu Jul  2 23:13:51 2020]
rule aggregate:
    input: output/601127_unfold_data.pkl
    output: output/unfold_data.pkl
    jobid: 4

[Thu Jul  2 23:13:54 2020]
Finished job 4.
4 of 5 steps (80%) done

[Thu Jul  2 23:13:54 2020]
localrule all:
    input: output/601127_unfolded.npz, output/601127_unfold_data.pkl, output/601127_hemi-L_GI_unfold.png, output/601127_hemi-L_streamlengths_unfold.png, output/unfold_data.pkl
    jobid: 0

[Thu Jul  2 23:13:54 2020]
Finished job 0.
5 of 5 steps (100%) done
Complete log: /scratch/myousif9/snakemake_hippocampal_unfolding/.snakemake/log/2020-07-02T231341.495874.snakemake.log
