Building DAG of jobs...
Using shell: /cvmfs/soft.computecanada.ca/nix/var/nix/profiles/16.09/bin/bash
Provided cores: 1 (use --cores to define parallelism)
Rules claiming more threads will be scaled down.
Job counts:
	count	jobs
	1	all
	2	gif_hippo
	1	visualize
	4

[Thu May 28 00:54:03 2020]
rule visualize:
    input: output/unfold_data.pkl
    output: output/unfold_data.csv
    jobid: 6

[Thu May 28 01:00:12 2020]
Finished job 6.
1 of 4 steps (25%) done

[Thu May 28 01:00:12 2020]
rule gif_hippo:
    input: /scratch/jdekrake/hcp_unfolding3/100610/hemi-L/coords-AP.nii.gz, /scratch/jdekrake/hcp_unfolding3/100610/hemi-L/coords-IO.nii.gz, /scratch/jdekrake/hcp_unfolding3/100610/hemi-L/coords-PD.nii.gz
    output: output/100610_AP_viridis.gif, output/100610_IO_viridis.gif, output/100610_PD_viridis.gif
    jobid: 3
    wildcards: subject=100610

[Thu May 28 01:00:28 2020]
Finished job 3.
2 of 4 steps (50%) done

[Thu May 28 01:00:28 2020]
rule gif_hippo:
    input: /scratch/jdekrake/hcp_unfolding3/105923/hemi-L/coords-AP.nii.gz, /scratch/jdekrake/hcp_unfolding3/105923/hemi-L/coords-IO.nii.gz, /scratch/jdekrake/hcp_unfolding3/105923/hemi-L/coords-PD.nii.gz
    output: output/105923_AP_viridis.gif, output/105923_IO_viridis.gif, output/105923_PD_viridis.gif
    jobid: 4
    wildcards: subject=105923

[Thu May 28 01:00:44 2020]
Finished job 4.
3 of 4 steps (75%) done

[Thu May 28 01:00:44 2020]
localrule all:
    input: output/100610_thick_unfold.png, output/105923_thick_unfold.png, output/100610_GI_unfold.png, output/105923_GI_unfold.png, output/100610_qmap_unfold.png, output/105923_qmap_unfold.png, output/100610_unfolded.npz, output/105923_unfolded.npz, output/100610_unfold_data.pkl, output/105923_unfold_data.pkl, output/100610_AP_viridis.gif, output/105923_AP_viridis.gif, output/100610_IO_viridis.gif, output/105923_IO_viridis.gif, output/100610_PD_viridis.gif, output/105923_PD_viridis.gif, output/unfold_data.pkl, output/unfold_data.csv
    jobid: 0

[Thu May 28 01:00:44 2020]
Finished job 0.
4 of 4 steps (100%) done
Complete log: /scratch/myousif9/snakemake_hippocampal_unfolding/.snakemake/log/2020-05-28T005402.548948.snakemake.log
