Building DAG of jobs...
Using shell: /cvmfs/soft.computecanada.ca/nix/var/nix/profiles/16.09/bin/bash
Provided cores: 1 (use --cores to define parallelism)
Rules claiming more threads will be scaled down.
Job counts:
	count	jobs
	1	aggregate
	1	all
	1	data_extraction
	2	gen_figure
	3	gif_hippo
	6	visualize_group
	14

[Wed Jul 15 16:15:50 2020]
rule data_extraction:
    input: /scratch/jdekrake/Hippocampal_AutoTop/misc/BigBrain_ManualSubfieldsUnfolded.mat, /home/myousif9/scratch/hcp_unfolding3_jdkrek/601127/hemi-L/surf.mat
    output: output/601127_unfolded.npz, output/601127_unfold_data.pkl
    jobid: 1
    wildcards: subject=601127

[Wed Jul 15 16:15:55 2020]
Finished job 1.
1 of 14 steps (7%) done

[Wed Jul 15 16:15:55 2020]
rule gen_figure:
    input: /scratch/jdekrake/Hippocampal_AutoTop/misc/BigBrain_ManualSubfieldsUnfolded.mat, /home/myousif9/scratch/hcp_unfolding3_jdkrek/601127/hemi-L/surf.mat
    output: output/601127_hemi-L_GI_unfold.png
    jobid: 2
    wildcards: subject=601127, hemi=L, feature=GI

[Wed Jul 15 16:15:58 2020]
Finished job 2.
2 of 14 steps (14%) done

[Wed Jul 15 16:15:58 2020]
rule gen_figure:
    input: /scratch/jdekrake/Hippocampal_AutoTop/misc/BigBrain_ManualSubfieldsUnfolded.mat, /home/myousif9/scratch/hcp_unfolding3_jdkrek/601127/hemi-L/surf.mat
    output: output/601127_hemi-L_streamlengths_unfold.png
    jobid: 3
    wildcards: subject=601127, hemi=L, feature=streamlengths

[Wed Jul 15 16:16:01 2020]
Finished job 3.
3 of 14 steps (21%) done

[Wed Jul 15 16:16:01 2020]
rule aggregate:
    input: output/601127_unfold_data.pkl
    output: output/unfold_data.pkl
    jobid: 4

[Wed Jul 15 16:16:05 2020]
Finished job 4.
4 of 14 steps (29%) done

[Wed Jul 15 16:16:05 2020]
rule visualize_group:
    input: output/unfold_data.pkl
    output: output/601127_hemi-L_GI_lineplot_group.png
    jobid: 9
    wildcards: subject=601127, hemi=L, feature=GI, plot=lineplot

[Wed Jul 15 16:16:35 2020]
Finished job 9.
5 of 14 steps (36%) done

[Wed Jul 15 16:16:35 2020]
rule visualize_group:
    input: output/unfold_data.pkl
    output: output/601127_hemi-L_streamlengths_violinplot_group.png
    jobid: 10
    wildcards: subject=601127, hemi=L, feature=streamlengths, plot=violinplot

Warning: the following output files of rule visualize_group were not present when the DAG was created:
{'output/601127_hemi-L_streamlengths_violinplot_group.png'}
[Wed Jul 15 16:17:06 2020]
Finished job 10.
6 of 14 steps (43%) done

[Wed Jul 15 16:17:06 2020]
rule visualize_group:
    input: output/unfold_data.pkl
    output: output/601127_hemi-L_qMap_violinplot_group.png
    jobid: 12
    wildcards: subject=601127, hemi=L, feature=qMap, plot=violinplot

Warning: the following output files of rule visualize_group were not present when the DAG was created:
{'output/601127_hemi-L_qMap_violinplot_group.png'}
[Wed Jul 15 16:17:36 2020]
Finished job 12.
7 of 14 steps (50%) done

[Wed Jul 15 16:17:36 2020]
rule visualize_group:
    input: output/unfold_data.pkl
    output: output/601127_hemi-L_GI_violinplot_group.png
    jobid: 8
    wildcards: subject=601127, hemi=L, feature=GI, plot=violinplot

Warning: the following output files of rule visualize_group were not present when the DAG was created:
{'output/601127_hemi-L_GI_violinplot_group.png'}
[Wed Jul 15 16:18:05 2020]
Finished job 8.
8 of 14 steps (57%) done

[Wed Jul 15 16:18:05 2020]
rule visualize_group:
    input: output/unfold_data.pkl
    output: output/601127_hemi-L_streamlengths_lineplot_group.png
    jobid: 11
    wildcards: subject=601127, hemi=L, feature=streamlengths, plot=lineplot

Warning: the following output files of rule visualize_group were not present when the DAG was created:
{'output/601127_hemi-L_streamlengths_lineplot_group.png'}
[Wed Jul 15 16:18:36 2020]
Finished job 11.
9 of 14 steps (64%) done

[Wed Jul 15 16:18:36 2020]
rule visualize_group:
    input: output/unfold_data.pkl
    output: output/601127_hemi-L_qMap_lineplot_group.png
    jobid: 13
    wildcards: subject=601127, hemi=L, feature=qMap, plot=lineplot

Warning: the following output files of rule visualize_group were not present when the DAG was created:
{'output/601127_hemi-L_qMap_lineplot_group.png'}
[Wed Jul 15 16:19:06 2020]
Finished job 13.
10 of 14 steps (71%) done

[Wed Jul 15 16:19:06 2020]
rule gif_hippo:
    input: /home/myousif9/scratch/hcp_unfolding3_jdkrek/601127/hemi-L/coords-IO.nii.gz
    output: output/601127_hemi-L_IO_viridis.gif
    jobid: 6
    wildcards: subject=601127, hemi=L, coords=IO

Shutting down, this might take some time.
Exiting because a job execution failed. Look above for error message
Complete log: /scratch/myousif9/snakemake_hippocampal_unfolding/.snakemake/log/2020-07-15T161549.095144.snakemake.log
