Building DAG of jobs...
Using shell: /cvmfs/soft.computecanada.ca/nix/var/nix/profiles/16.09/bin/bash
Provided cores: 1 (use --cores to define parallelism)
Rules claiming more threads will be scaled down.
Job counts:
	count	jobs
	1	all
	6	gif_hippo
	12	visualize
	19

[Wed Jun  3 01:06:17 2020]
rule visualize:
    input: output/unfold_data.pkl
    output: output/105923_streamlengths_boxplot.png
    jobid: 18
    wildcards: subject=105923, feature=streamlengths, plot=boxplot

[Wed Jun  3 01:06:20 2020]
Error in rule visualize:
    jobid: 18
    output: output/105923_streamlengths_boxplot.png

RuleException:
CalledProcessError in line 86 of /scratch/myousif9/snakemake_hippocampal_unfolding/Snakefile:
Command 'set -euo pipefail;  /home/myousif9/venv3/bin/python /scratch/myousif9/snakemake_hippocampal_unfolding/.snakemake/scripts/tmpkp7f0tfi.visualize.py' returned non-zero exit status 1.
  File "/scratch/myousif9/snakemake_hippocampal_unfolding/Snakefile", line 86, in __rule_visualize
  File "/cvmfs/soft.computecanada.ca/easybuild/software/2017/Core/python/3.7.4/lib/python3.7/concurrent/futures/thread.py", line 57, in run
Shutting down, this might take some time.
Exiting because a job execution failed. Look above for error message
Complete log: /scratch/myousif9/snakemake_hippocampal_unfolding/.snakemake/log/2020-06-03T010615.284262.snakemake.log
