Building DAG of jobs...
Using shell: /cvmfs/soft.computecanada.ca/nix/var/nix/profiles/16.09/bin/bash
Provided cores: 1 (use --cores to define parallelism)
Rules claiming more threads will be scaled down.
Job counts:
	count	jobs
	1	aggregate
	1	all
	2	data_extraction
	6	gif_hippo
	12	visualize
	22

[Fri Jun  5 12:22:23 2020]
rule data_extraction:
    input: /scratch/jdekrake/Hippocampal_AutoTop/misc/BigBrain_ManualSubfieldsUnfolded.mat, /scratch/jdekrake/hcp_unfolding3/100610/hemi-L/surf.mat
    output: output/100610_unfolded.npz, output/100610_unfold_data.pkl, output/100610_hemi-L_GI_unfold.png, output/100610_hemi-L_streamlengths_unfold.png, output/100610_hemi-L_qMap_unfold.png
    jobid: 1
    wildcards: subject=100610

[Fri Jun  5 12:22:29 2020]
Finished job 1.
1 of 22 steps (5%) done

[Fri Jun  5 12:22:29 2020]
rule data_extraction:
    input: /scratch/jdekrake/Hippocampal_AutoTop/misc/BigBrain_ManualSubfieldsUnfolded.mat, /scratch/jdekrake/hcp_unfolding3/105923/hemi-L/surf.mat
    output: output/105923_unfolded.npz, output/105923_unfold_data.pkl, output/105923_hemi-L_GI_unfold.png, output/105923_hemi-L_streamlengths_unfold.png, output/105923_hemi-L_qMap_unfold.png
    jobid: 2
    wildcards: subject=105923

[Fri Jun  5 12:22:36 2020]
Finished job 2.
2 of 22 steps (9%) done

[Fri Jun  5 12:22:36 2020]
rule aggregate:
    input: output/100610_unfold_data.pkl, output/105923_unfold_data.pkl
    output: output/unfold_data.pkl
    jobid: 9

[Fri Jun  5 12:22:38 2020]
Finished job 9.
3 of 22 steps (14%) done

[Fri Jun  5 12:22:38 2020]
rule visualize:
    input: output/unfold_data.pkl
    output: output/105923_streamlengths_lineplot.png
    jobid: 19
    wildcards: subject=105923, feature=streamlengths, plot=lineplot

[Fri Jun  5 12:22:41 2020]
Error in rule visualize:
    jobid: 19
    output: output/105923_streamlengths_lineplot.png

RuleException:
CalledProcessError in line 92 of /scratch/myousif9/snakemake_hippocampal_unfolding/Snakefile:
Command 'set -euo pipefail;  /home/myousif9/venv3/bin/python /scratch/myousif9/snakemake_hippocampal_unfolding/.snakemake/scripts/tmpsyhzwi8k.visualize.py' returned non-zero exit status 1.
  File "/scratch/myousif9/snakemake_hippocampal_unfolding/Snakefile", line 92, in __rule_visualize
  File "/cvmfs/soft.computecanada.ca/easybuild/software/2017/Core/python/3.7.4/lib/python3.7/concurrent/futures/thread.py", line 57, in run
Shutting down, this might take some time.
Exiting because a job execution failed. Look above for error message
Complete log: /scratch/myousif9/snakemake_hippocampal_unfolding/.snakemake/log/2020-06-05T122223.168839.snakemake.log
