Building DAG of jobs...
Using shell: /cvmfs/soft.computecanada.ca/nix/var/nix/profiles/16.09/bin/bash
Provided cores: 1 (use --cores to define parallelism)
Rules claiming more threads will be scaled down.
Job counts:
	count	jobs
	1	aggregate
	1	all
	2	gif_hippo
	4

[Tue May 26 15:53:59 2020]
rule aggregate:
    input: output/100610_unfold_data.pkl, output/105923_unfold_data.pkl
    output: output/unfold_data.pkl
    jobid: 5

[Tue May 26 15:56:08 2020]
Finished job 5.
1 of 4 steps (25%) done

[Tue May 26 15:56:08 2020]
rule gif_hippo:
    input: /scratch/jdekrake/hcp_unfolding3/100610/hemi-L/coords-AP.nii.gz, /scratch/jdekrake/hcp_unfolding3/100610/hemi-L/coords-IO.nii.gz, /scratch/jdekrake/hcp_unfolding3/100610/hemi-L/coords-PD.nii.gz
    output: output/100610_ap_viridis.gif, output/100610_io_viridis.gif, output/100610_pd_viridis.gif
    log: logs/gif_hippo_100610.log
    jobid: 3
    wildcards: subject=100610

[Tue May 26 15:56:19 2020]
Finished job 3.
2 of 4 steps (50%) done

[Tue May 26 15:56:19 2020]
rule gif_hippo:
    input: /scratch/jdekrake/hcp_unfolding3/105923/hemi-L/coords-AP.nii.gz, /scratch/jdekrake/hcp_unfolding3/105923/hemi-L/coords-IO.nii.gz, /scratch/jdekrake/hcp_unfolding3/105923/hemi-L/coords-PD.nii.gz
    output: output/105923_ap_viridis.gif, output/105923_io_viridis.gif, output/105923_pd_viridis.gif
    log: logs/gif_hippo_105923.log
    jobid: 4
    wildcards: subject=105923

[Tue May 26 15:56:30 2020]
Finished job 4.
3 of 4 steps (75%) done

[Tue May 26 15:56:30 2020]
localrule all:
    input: output/100610_thick_unfold.png, output/105923_thick_unfold.png, output/100610_GI_unfold.png, output/105923_GI_unfold.png, output/100610_qmap_unfold.png, output/105923_qmap_unfold.png, output/100610_unfolded.npz, output/105923_unfolded.npz, output/100610_unfold_data.pkl, output/105923_unfold_data.pkl, output/100610_ap_viridis.gif, output/105923_ap_viridis.gif, output/100610_io_viridis.gif, output/105923_io_viridis.gif, output/100610_pd_viridis.gif, output/105923_pd_viridis.gif, output/unfold_data.pkl
    jobid: 0

[Tue May 26 15:56:30 2020]
Finished job 0.
4 of 4 steps (100%) done
Complete log: /scratch/myousif9/snakemake_hippocampal_unfolding/.snakemake/log/2020-05-26T155358.603476.snakemake.log
