Building DAG of jobs...
Using shell: /cvmfs/soft.computecanada.ca/nix/var/nix/profiles/16.09/bin/bash
Provided cluster nodes: 500
Job counts:
	count	jobs
	1	aggregate
	1	all
	1	data_extraction
	2	gen_figure
	3	gif_hippo
	6	visualize_group
	14

[Thu Jul 16 10:32:38 2020]
rule gen_figure:
    input: /scratch/jdekrake/Hippocampal_AutoTop/misc/BigBrain_ManualSubfieldsUnfolded.mat, /home/myousif9/scratch/hcp_unfolding3_jdkrek/601127/hemi-L/surf.mat
    output: output/601127_hemi-L_GI_unfold.png
    jobid: 2
    wildcards: subject=601127, hemi=L, feature=GI
    resources: mem_mb=4000

Submitted job 2 with external jobid '35230117'.
[Thu Jul 16 10:32:39 2020]

group job quality-control (jobs in lexicogr. order):

    [Thu Jul 16 10:32:39 2020]
    rule gif_hippo:
        input: /home/myousif9/scratch/hcp_unfolding3_jdkrek/601127/hemi-L/coords-IO.nii.gz
        output: output/601127_hemi-L_IO_viridis.gif
        jobid: 6
        wildcards: subject=601127, hemi=L, coords=IO
        resources: mem_mb=4000

Submitted group job d2e4dd36-14a6-5506-b5dd-c99749b79f3b with external jobid '35230120'.

[Thu Jul 16 10:32:40 2020]
rule gen_figure:
    input: /scratch/jdekrake/Hippocampal_AutoTop/misc/BigBrain_ManualSubfieldsUnfolded.mat, /home/myousif9/scratch/hcp_unfolding3_jdkrek/601127/hemi-L/surf.mat
    output: output/601127_hemi-L_streamlengths_unfold.png
    jobid: 3
    wildcards: subject=601127, hemi=L, feature=streamlengths
    resources: mem_mb=4000

Submitted job 3 with external jobid '35230123'.
[Thu Jul 16 10:32:40 2020]

group job quality-control (jobs in lexicogr. order):

    [Thu Jul 16 10:32:40 2020]
    rule gif_hippo:
        input: /home/myousif9/scratch/hcp_unfolding3_jdkrek/601127/hemi-L/coords-PD.nii.gz
        output: output/601127_hemi-L_PD_viridis.gif
        jobid: 7
        wildcards: subject=601127, hemi=L, coords=PD
        resources: mem_mb=4000

Submitted group job 7a586188-e42e-5253-9f59-9f8b65d94ad9 with external jobid '35230125'.
[Thu Jul 16 10:32:41 2020]

group job quality-control (jobs in lexicogr. order):

    [Thu Jul 16 10:32:41 2020]
    rule gif_hippo:
        input: /home/myousif9/scratch/hcp_unfolding3_jdkrek/601127/hemi-L/coords-AP.nii.gz
        output: output/601127_hemi-L_AP_viridis.gif
        jobid: 5
        wildcards: subject=601127, hemi=L, coords=AP
        resources: mem_mb=4000

Submitted group job eef382fd-bbde-5e9b-8934-4b4f2144311c with external jobid '35230127'.

[Thu Jul 16 10:32:41 2020]
rule data_extraction:
    input: /scratch/jdekrake/Hippocampal_AutoTop/misc/BigBrain_ManualSubfieldsUnfolded.mat, /home/myousif9/scratch/hcp_unfolding3_jdkrek/601127/hemi-L/surf.mat
    output: output/601127_unfolded.npz, output/601127_unfold_data.pkl
    jobid: 1
    wildcards: subject=601127
    resources: mem_mb=4000

Submitted job 1 with external jobid '35230130'.
[Thu Jul 16 10:32:42 2020]

group job feature-extraction (jobs in lexicogr. order):

    [Thu Jul 16 10:32:42 2020]
    rule aggregate:
        input: output/601127_unfold_data.pkl
        output: output/unfold_data.pkl
        jobid: 4
        resources: mem_mb=4000

Submitted group job d3c6ba57-88a1-5c0c-b373-d8f3260f65bb with external jobid '35230132'.

[Thu Jul 16 10:32:42 2020]
rule visualize_group:
    input: output/unfold_data.pkl
    output: output/601127_hemi-L_qMap_lineplot_group.png
    jobid: 13
    wildcards: subject=601127, hemi=L, feature=qMap, plot=lineplot
    resources: mem_mb=4000

Submitted job 13 with external jobid '35230135'.

[Thu Jul 16 10:32:43 2020]
rule visualize_group:
    input: output/unfold_data.pkl
    output: output/601127_hemi-L_GI_violinplot_group.png
    jobid: 8
    wildcards: subject=601127, hemi=L, feature=GI, plot=violinplot
    resources: mem_mb=4000

Submitted job 8 with external jobid '35230137'.

[Thu Jul 16 10:32:43 2020]
rule visualize_group:
    input: output/unfold_data.pkl
    output: output/601127_hemi-L_GI_lineplot_group.png
    jobid: 9
    wildcards: subject=601127, hemi=L, feature=GI, plot=lineplot
    resources: mem_mb=4000

Submitted job 9 with external jobid '35230140'.

[Thu Jul 16 10:32:44 2020]
rule visualize_group:
    input: output/unfold_data.pkl
    output: output/601127_hemi-L_streamlengths_lineplot_group.png
    jobid: 11
    wildcards: subject=601127, hemi=L, feature=streamlengths, plot=lineplot
    resources: mem_mb=4000

Submitted job 11 with external jobid '35230143'.

[Thu Jul 16 10:32:45 2020]
rule visualize_group:
    input: output/unfold_data.pkl
    output: output/601127_hemi-L_streamlengths_violinplot_group.png
    jobid: 10
    wildcards: subject=601127, hemi=L, feature=streamlengths, plot=violinplot
    resources: mem_mb=4000

Submitted job 10 with external jobid '35230145'.

[Thu Jul 16 10:32:45 2020]
rule visualize_group:
    input: output/unfold_data.pkl
    output: output/601127_hemi-L_qMap_violinplot_group.png
    jobid: 12
    wildcards: subject=601127, hemi=L, feature=qMap, plot=violinplot
    resources: mem_mb=4000

Submitted job 12 with external jobid '35230148'.

[Thu Jul 16 10:32:46 2020]
localrule all:
    input: output/601127_unfolded.npz, output/601127_unfold_data.pkl, output/601127_hemi-L_GI_unfold.png, output/601127_hemi-L_streamlengths_unfold.png, output/unfold_data.pkl, output/601127_hemi-L_AP_viridis.gif, output/601127_hemi-L_IO_viridis.gif, output/601127_hemi-L_PD_viridis.gif, output/601127_hemi-L_GI_violinplot_group.png, output/601127_hemi-L_GI_lineplot_group.png, output/601127_hemi-L_streamlengths_violinplot_group.png, output/601127_hemi-L_streamlengths_lineplot_group.png, output/601127_hemi-L_qMap_violinplot_group.png, output/601127_hemi-L_qMap_lineplot_group.png
    jobid: 0
    resources: mem_mb=4000

Submitted job 0 with external jobid '35230151'.
Complete log: /scratch/myousif9/snakemake_hippocampal_unfolding/.snakemake/log/2020-07-16T103225.058368.snakemake.log
