Building DAG of jobs...
Using shell: /cvmfs/soft.computecanada.ca/nix/var/nix/profiles/16.09/bin/bash
Provided cores: 1 (use --cores to define parallelism)
Rules claiming more threads will be scaled down.
Job counts:
	count	jobs
	1	aggregate
	1	all
	1	data_extraction
	3	gen_figure
	3	gif_hippo
	6	visualize_group
	15

[Thu Jul 16 13:33:59 2020]
rule data_extraction:
    input: /scratch/jdekrake/Hippocampal_AutoTop/misc/BigBrain_ManualSubfieldsUnfolded.mat, /home/myousif9/scratch/hcp_unfolding3_jdkrek/601127/hemi-L/surf.mat
    output: output/601127_unfolded.npz, output/601127_unfold_data.pkl
    jobid: 1
    wildcards: subject=601127

[Thu Jul 16 13:34:02 2020]
Finished job 1.
1 of 15 steps (7%) done

[Thu Jul 16 13:34:02 2020]
rule gen_figure:
    input: /scratch/jdekrake/Hippocampal_AutoTop/misc/BigBrain_ManualSubfieldsUnfolded.mat, /home/myousif9/scratch/hcp_unfolding3_jdkrek/601127/hemi-L/surf.mat
    output: output/601127_hemi-L_qMap_unfold.png
    jobid: 4
    wildcards: subject=601127, hemi=L, feature=qMap

[Thu Jul 16 13:34:05 2020]
Finished job 4.
2 of 15 steps (13%) done

[Thu Jul 16 13:34:05 2020]
rule gen_figure:
    input: /scratch/jdekrake/Hippocampal_AutoTop/misc/BigBrain_ManualSubfieldsUnfolded.mat, /home/myousif9/scratch/hcp_unfolding3_jdkrek/601127/hemi-L/surf.mat
    output: output/601127_hemi-L_GI_unfold.png
    jobid: 2
    wildcards: subject=601127, hemi=L, feature=GI

[Thu Jul 16 13:34:07 2020]
Finished job 2.
3 of 15 steps (20%) done

[Thu Jul 16 13:34:07 2020]
rule gen_figure:
    input: /scratch/jdekrake/Hippocampal_AutoTop/misc/BigBrain_ManualSubfieldsUnfolded.mat, /home/myousif9/scratch/hcp_unfolding3_jdkrek/601127/hemi-L/surf.mat
    output: output/601127_hemi-L_streamlengths_unfold.png
    jobid: 3
    wildcards: subject=601127, hemi=L, feature=streamlengths

[Thu Jul 16 13:34:10 2020]
Finished job 3.
4 of 15 steps (27%) done

[Thu Jul 16 13:34:10 2020]
rule aggregate:
    input: output/601127_unfold_data.pkl
    output: output/unfold_data.pkl
    jobid: 5

[Thu Jul 16 13:34:12 2020]
Finished job 5.
5 of 15 steps (33%) done

[Thu Jul 16 13:34:12 2020]
rule visualize_group:
    input: output/unfold_data.pkl
    output: output/601127_hemi-L_qMap_violinplot_group.png
    jobid: 13
    wildcards: subject=601127, hemi=L, feature=qMap, plot=violinplot

[Thu Jul 16 13:34:54 2020]
Finished job 13.
6 of 15 steps (40%) done

[Thu Jul 16 13:34:54 2020]
rule visualize_group:
    input: output/unfold_data.pkl
    output: output/601127_hemi-L_GI_violinplot_group.png
    jobid: 9
    wildcards: subject=601127, hemi=L, feature=GI, plot=violinplot

Warning: the following output files of rule visualize_group were not present when the DAG was created:
{'output/601127_hemi-L_GI_violinplot_group.png'}
[Thu Jul 16 13:35:34 2020]
Finished job 9.
7 of 15 steps (47%) done

[Thu Jul 16 13:35:35 2020]
rule visualize_group:
    input: output/unfold_data.pkl
    output: output/601127_hemi-L_GI_lineplot_group.png
    jobid: 10
    wildcards: subject=601127, hemi=L, feature=GI, plot=lineplot

Warning: the following output files of rule visualize_group were not present when the DAG was created:
{'output/601127_hemi-L_GI_lineplot_group.png'}
[Thu Jul 16 13:36:13 2020]
Finished job 10.
8 of 15 steps (53%) done

[Thu Jul 16 13:36:13 2020]
rule visualize_group:
    input: output/unfold_data.pkl
    output: output/601127_hemi-L_qMap_lineplot_group.png
    jobid: 14
    wildcards: subject=601127, hemi=L, feature=qMap, plot=lineplot

Warning: the following output files of rule visualize_group were not present when the DAG was created:
{'output/601127_hemi-L_qMap_lineplot_group.png'}
[Thu Jul 16 13:36:52 2020]
Finished job 14.
9 of 15 steps (60%) done

[Thu Jul 16 13:36:52 2020]
rule visualize_group:
    input: output/unfold_data.pkl
    output: output/601127_hemi-L_streamlengths_lineplot_group.png
    jobid: 12
    wildcards: subject=601127, hemi=L, feature=streamlengths, plot=lineplot

Warning: the following output files of rule visualize_group were not present when the DAG was created:
{'output/601127_hemi-L_streamlengths_lineplot_group.png'}
[Thu Jul 16 13:37:35 2020]
Finished job 12.
10 of 15 steps (67%) done

[Thu Jul 16 13:37:35 2020]
rule visualize_group:
    input: output/unfold_data.pkl
    output: output/601127_hemi-L_streamlengths_violinplot_group.png
    jobid: 11
    wildcards: subject=601127, hemi=L, feature=streamlengths, plot=violinplot

Warning: the following output files of rule visualize_group were not present when the DAG was created:
{'output/601127_hemi-L_streamlengths_violinplot_group.png'}
[Thu Jul 16 13:38:15 2020]
Finished job 11.
11 of 15 steps (73%) done

[Thu Jul 16 13:38:15 2020]
rule gif_hippo:
    input: /home/myousif9/scratch/hcp_unfolding3_jdkrek/601127/hemi-L/coords-IO.nii.gz
    output: output/601127_hemi-L_IO_viridis.gif
    jobid: 7
    wildcards: subject=601127, hemi=L, coords=IO

[Thu Jul 16 13:38:19 2020]
Finished job 7.
12 of 15 steps (80%) done

[Thu Jul 16 13:38:19 2020]
rule gif_hippo:
    input: /home/myousif9/scratch/hcp_unfolding3_jdkrek/601127/hemi-L/coords-PD.nii.gz
    output: output/601127_hemi-L_PD_viridis.gif
    jobid: 8
    wildcards: subject=601127, hemi=L, coords=PD

[Thu Jul 16 13:38:24 2020]
Finished job 8.
13 of 15 steps (87%) done

[Thu Jul 16 13:38:24 2020]
rule gif_hippo:
    input: /home/myousif9/scratch/hcp_unfolding3_jdkrek/601127/hemi-L/coords-AP.nii.gz
    output: output/601127_hemi-L_AP_viridis.gif
    jobid: 6
    wildcards: subject=601127, hemi=L, coords=AP

[Thu Jul 16 13:38:28 2020]
Finished job 6.
14 of 15 steps (93%) done

[Thu Jul 16 13:38:28 2020]
localrule all:
    input: output/601127_unfolded.npz, output/601127_unfold_data.pkl, output/601127_hemi-L_GI_unfold.png, output/601127_hemi-L_streamlengths_unfold.png, output/601127_hemi-L_qMap_unfold.png, output/unfold_data.pkl, output/601127_hemi-L_AP_viridis.gif, output/601127_hemi-L_IO_viridis.gif, output/601127_hemi-L_PD_viridis.gif, output/601127_hemi-L_GI_violinplot_group.png, output/601127_hemi-L_GI_lineplot_group.png, output/601127_hemi-L_streamlengths_violinplot_group.png, output/601127_hemi-L_streamlengths_lineplot_group.png, output/601127_hemi-L_qMap_violinplot_group.png, output/601127_hemi-L_qMap_lineplot_group.png
    jobid: 0

[Thu Jul 16 13:38:28 2020]
Finished job 0.
15 of 15 steps (100%) done
Complete log: /scratch/myousif9/snakemake_hippocampal_unfolding/.snakemake/log/2020-07-16T133359.209897.snakemake.log
