Building DAG of jobs...
Using shell: /cvmfs/soft.computecanada.ca/nix/var/nix/profiles/16.09/bin/bash
Provided cores: 1 (use --cores to define parallelism)
Rules claiming more threads will be scaled down.
Job counts:
	count	jobs
	1	aggregate
	1	all
	1	data_extraction
	2	gen_figure
	3	gif_hippo
	6	visualize_group
	14

[Thu Jul 16 11:59:01 2020]
rule gen_figure:
    input: /scratch/jdekrake/Hippocampal_AutoTop/misc/BigBrain_ManualSubfieldsUnfolded.mat, /home/myousif9/scratch/hcp_unfolding3_jdkrek/601127/hemi-L/surf.mat
    output: output/601127_hemi-L_streamlengths_unfold.png
    jobid: 3
    wildcards: subject=601127, hemi=L, feature=streamlengths

[Thu Jul 16 11:59:04 2020]
Finished job 3.
1 of 14 steps (7%) done

[Thu Jul 16 11:59:04 2020]
rule gen_figure:
    input: /scratch/jdekrake/Hippocampal_AutoTop/misc/BigBrain_ManualSubfieldsUnfolded.mat, /home/myousif9/scratch/hcp_unfolding3_jdkrek/601127/hemi-L/surf.mat
    output: output/601127_hemi-L_GI_unfold.png
    jobid: 2
    wildcards: subject=601127, hemi=L, feature=GI

[Thu Jul 16 11:59:07 2020]
Finished job 2.
2 of 14 steps (14%) done

[Thu Jul 16 11:59:07 2020]
rule data_extraction:
    input: /scratch/jdekrake/Hippocampal_AutoTop/misc/BigBrain_ManualSubfieldsUnfolded.mat, /home/myousif9/scratch/hcp_unfolding3_jdkrek/601127/hemi-L/surf.mat
    output: output/601127_unfolded.npz, output/601127_unfold_data.pkl
    jobid: 1
    wildcards: subject=601127

[Thu Jul 16 11:59:09 2020]
Finished job 1.
3 of 14 steps (21%) done

[Thu Jul 16 11:59:09 2020]
rule aggregate:
    input: output/601127_unfold_data.pkl
    output: output/unfold_data.pkl
    jobid: 4

[Thu Jul 16 11:59:12 2020]
Finished job 4.
4 of 14 steps (29%) done

[Thu Jul 16 11:59:12 2020]
rule visualize_group:
    input: output/unfold_data.pkl
    output: output/601127_hemi-L_streamlengths_lineplot_group.png
    jobid: 11
    wildcards: subject=601127, hemi=L, feature=streamlengths, plot=lineplot

[Thu Jul 16 11:59:54 2020]
Finished job 11.
5 of 14 steps (36%) done

[Thu Jul 16 11:59:54 2020]
rule visualize_group:
    input: output/unfold_data.pkl
    output: output/601127_hemi-L_qMap_violinplot_group.png
    jobid: 12
    wildcards: subject=601127, hemi=L, feature=qMap, plot=violinplot

Warning: the following output files of rule visualize_group were not present when the DAG was created:
{'output/601127_hemi-L_qMap_violinplot_group.png'}
[Thu Jul 16 12:00:34 2020]
Finished job 12.
6 of 14 steps (43%) done

[Thu Jul 16 12:00:34 2020]
rule visualize_group:
    input: output/unfold_data.pkl
    output: output/601127_hemi-L_GI_violinplot_group.png
    jobid: 8
    wildcards: subject=601127, hemi=L, feature=GI, plot=violinplot

Warning: the following output files of rule visualize_group were not present when the DAG was created:
{'output/601127_hemi-L_GI_violinplot_group.png'}
[Thu Jul 16 12:01:15 2020]
Finished job 8.
7 of 14 steps (50%) done

[Thu Jul 16 12:01:15 2020]
rule visualize_group:
    input: output/unfold_data.pkl
    output: output/601127_hemi-L_streamlengths_violinplot_group.png
    jobid: 10
    wildcards: subject=601127, hemi=L, feature=streamlengths, plot=violinplot

Warning: the following output files of rule visualize_group were not present when the DAG was created:
{'output/601127_hemi-L_streamlengths_violinplot_group.png'}
[Thu Jul 16 12:01:56 2020]
Finished job 10.
8 of 14 steps (57%) done

[Thu Jul 16 12:01:56 2020]
rule visualize_group:
    input: output/unfold_data.pkl
    output: output/601127_hemi-L_GI_lineplot_group.png
    jobid: 9
    wildcards: subject=601127, hemi=L, feature=GI, plot=lineplot

Warning: the following output files of rule visualize_group were not present when the DAG was created:
{'output/601127_hemi-L_GI_lineplot_group.png'}
[Thu Jul 16 12:02:36 2020]
Finished job 9.
9 of 14 steps (64%) done

[Thu Jul 16 12:02:36 2020]
rule visualize_group:
    input: output/unfold_data.pkl
    output: output/601127_hemi-L_qMap_lineplot_group.png
    jobid: 13
    wildcards: subject=601127, hemi=L, feature=qMap, plot=lineplot

Warning: the following output files of rule visualize_group were not present when the DAG was created:
{'output/601127_hemi-L_qMap_lineplot_group.png'}
[Thu Jul 16 12:03:15 2020]
Finished job 13.
10 of 14 steps (71%) done

[Thu Jul 16 12:03:15 2020]
rule gif_hippo:
    input: /home/myousif9/scratch/hcp_unfolding3_jdkrek/601127/hemi-L/coords-IO.nii.gz
    output: output/601127_hemi-L_IO_viridis.gif
    jobid: 6
    wildcards: subject=601127, hemi=L, coords=IO

[Thu Jul 16 12:03:20 2020]
Finished job 6.
11 of 14 steps (79%) done

[Thu Jul 16 12:03:20 2020]
rule gif_hippo:
    input: /home/myousif9/scratch/hcp_unfolding3_jdkrek/601127/hemi-L/coords-PD.nii.gz
    output: output/601127_hemi-L_PD_viridis.gif
    jobid: 7
    wildcards: subject=601127, hemi=L, coords=PD

[Thu Jul 16 12:03:24 2020]
Finished job 7.
12 of 14 steps (86%) done

[Thu Jul 16 12:03:24 2020]
rule gif_hippo:
    input: /home/myousif9/scratch/hcp_unfolding3_jdkrek/601127/hemi-L/coords-AP.nii.gz
    output: output/601127_hemi-L_AP_viridis.gif
    jobid: 5
    wildcards: subject=601127, hemi=L, coords=AP

[Thu Jul 16 12:03:29 2020]
Finished job 5.
13 of 14 steps (93%) done

[Thu Jul 16 12:03:29 2020]
localrule all:
    input: output/601127_unfolded.npz, output/601127_unfold_data.pkl, output/601127_hemi-L_GI_unfold.png, output/601127_hemi-L_streamlengths_unfold.png, output/unfold_data.pkl, output/601127_hemi-L_AP_viridis.gif, output/601127_hemi-L_IO_viridis.gif, output/601127_hemi-L_PD_viridis.gif, output/601127_hemi-L_GI_violinplot_group.png, output/601127_hemi-L_GI_lineplot_group.png, output/601127_hemi-L_streamlengths_violinplot_group.png, output/601127_hemi-L_streamlengths_lineplot_group.png, output/601127_hemi-L_qMap_violinplot_group.png, output/601127_hemi-L_qMap_lineplot_group.png
    jobid: 0

[Thu Jul 16 12:03:29 2020]
Finished job 0.
14 of 14 steps (100%) done
Complete log: /scratch/myousif9/snakemake_hippocampal_unfolding/.snakemake/log/2020-07-16T115901.308804.snakemake.log
