Building DAG of jobs...
Using shell: /cvmfs/soft.computecanada.ca/nix/var/nix/profiles/16.09/bin/bash
Provided cores: 1 (use --cores to define parallelism)
Rules claiming more threads will be scaled down.
Job counts:
	count	jobs
	1	all
	1	gen_figure
	2

[Tue May 19 19:07:44 2020]
rule gen_figure:
    input: /scratch/jdekrake/hcp_unfolding3/100610/hemi-L/unfold.mat, /scratch/jdekrake/hcp_unfolding3/100610/hemi-L/surf.mat, /scratch/jdekrake/Hippocampal_AutoTop/misc/BigBrain_ManualSubfieldsUnfolded.mat
    output: output/100610_unfolded.png
    jobid: 1

[Tue May 19 19:07:47 2020]
Error in rule gen_figure:
    jobid: 1
    output: output/100610_unfolded.png

RuleException:
CalledProcessError in line 21 of /scratch/myousif9/snakemake_hippocampal_unfolding/Snakefile:
Command 'set -euo pipefail;  /home/myousif9/venv3/bin/python /scratch/myousif9/snakemake_hippocampal_unfolding/.snakemake/scripts/tmp7jrvqijp.gen_figure.py' returned non-zero exit status 1.
  File "/scratch/myousif9/snakemake_hippocampal_unfolding/Snakefile", line 21, in __rule_gen_figure
  File "/cvmfs/soft.computecanada.ca/easybuild/software/2017/Core/python/3.7.4/lib/python3.7/concurrent/futures/thread.py", line 57, in run
Shutting down, this might take some time.
Exiting because a job execution failed. Look above for error message
Complete log: /scratch/myousif9/snakemake_hippocampal_unfolding/.snakemake/log/2020-05-19T190743.424435.snakemake.log
