Building DAG of jobs...
Using shell: /cvmfs/soft.computecanada.ca/nix/var/nix/profiles/16.09/bin/bash
Provided cores: 1 (use --cores to define parallelism)
Rules claiming more threads will be scaled down.
Job counts:
	count	jobs
	1	aggregate
	1	all
	2	gif_hippo
	2	unfolded_plotting_data_extraction
	1	visualize
	7

[Thu May 28 00:33:32 2020]
rule unfolded_plotting_data_extraction:
    input: /scratch/jdekrake/hcp_unfolding3/100610/hemi-L/unfold.mat, /scratch/jdekrake/hcp_unfolding3/100610/hemi-L/surf.mat, /scratch/jdekrake/Hippocampal_AutoTop/misc/BigBrain_ManualSubfieldsUnfolded.mat
    output: output/100610_unfolded.npz, output/100610_unfold_data.pkl, output/100610_thick_unfold.png, output/100610_GI_unfold.png, output/100610_qmap_unfold.png
    jobid: 1
    wildcards: subject=100610

[Thu May 28 00:33:39 2020]
Finished job 1.
1 of 7 steps (14%) done

[Thu May 28 00:33:39 2020]
rule unfolded_plotting_data_extraction:
    input: /scratch/jdekrake/hcp_unfolding3/105923/hemi-L/unfold.mat, /scratch/jdekrake/hcp_unfolding3/105923/hemi-L/surf.mat, /scratch/jdekrake/Hippocampal_AutoTop/misc/BigBrain_ManualSubfieldsUnfolded.mat
    output: output/105923_unfolded.npz, output/105923_unfold_data.pkl, output/105923_thick_unfold.png, output/105923_GI_unfold.png, output/105923_qmap_unfold.png
    jobid: 2
    wildcards: subject=105923

[Thu May 28 00:33:45 2020]
Finished job 2.
2 of 7 steps (29%) done

[Thu May 28 00:33:45 2020]
rule aggregate:
    input: output/100610_unfold_data.pkl, output/105923_unfold_data.pkl
    output: output/unfold_data.pkl
    jobid: 5

[Thu May 28 00:38:52 2020]
Finished job 5.
3 of 7 steps (43%) done

[Thu May 28 00:38:52 2020]
rule visualize:
    input: output/unfold_data.pkl
    output: output/unfold_data.csv
    jobid: 6

[Thu May 28 00:38:55 2020]
Error in rule visualize:
    jobid: 6
    output: output/unfold_data.csv

RuleException:
CalledProcessError in line 78 of /scratch/myousif9/snakemake_hippocampal_unfolding/Snakefile:
Command 'set -euo pipefail;  /home/myousif9/venv3/bin/python /scratch/myousif9/snakemake_hippocampal_unfolding/.snakemake/scripts/tmp1sy94cej.visualize.py' returned non-zero exit status 1.
  File "/scratch/myousif9/snakemake_hippocampal_unfolding/Snakefile", line 78, in __rule_visualize
  File "/cvmfs/soft.computecanada.ca/easybuild/software/2017/Core/python/3.7.4/lib/python3.7/concurrent/futures/thread.py", line 57, in run
Shutting down, this might take some time.
Exiting because a job execution failed. Look above for error message
Complete log: /scratch/myousif9/snakemake_hippocampal_unfolding/.snakemake/log/2020-05-28T003331.385324.snakemake.log
