Building DAG of jobs...
Using shell: /cvmfs/soft.computecanada.ca/nix/var/nix/profiles/16.09/bin/bash
Provided cores: 1 (use --cores to define parallelism)
Rules claiming more threads will be scaled down.
Job counts:
	count	jobs
	1	all
	3	gif_hippo
	4

[Wed Jul 15 20:45:22 2020]
rule gif_hippo:
    input: /home/myousif9/scratch/hcp_unfolding3_jdkrek/601127/hemi-L/coords-IO.nii.gz
    output: output/601127_hemi-L_IO_viridis.gif
    jobid: 6
    wildcards: subject=601127, hemi=L, coords=IO

[Wed Jul 15 20:45:28 2020]
Finished job 6.
1 of 4 steps (25%) done

[Wed Jul 15 20:45:28 2020]
rule gif_hippo:
    input: /home/myousif9/scratch/hcp_unfolding3_jdkrek/601127/hemi-L/coords-PD.nii.gz
    output: output/601127_hemi-L_PD_viridis.gif
    jobid: 7
    wildcards: subject=601127, hemi=L, coords=PD

[Wed Jul 15 20:45:33 2020]
Finished job 7.
2 of 4 steps (50%) done

[Wed Jul 15 20:45:33 2020]
rule gif_hippo:
    input: /home/myousif9/scratch/hcp_unfolding3_jdkrek/601127/hemi-L/coords-AP.nii.gz
    output: output/601127_hemi-L_AP_viridis.gif
    jobid: 5
    wildcards: subject=601127, hemi=L, coords=AP

[Wed Jul 15 20:45:39 2020]
Finished job 5.
3 of 4 steps (75%) done

[Wed Jul 15 20:45:39 2020]
localrule all:
    input: output/601127_unfolded.npz, output/601127_unfold_data.pkl, output/601127_hemi-L_GI_unfold.png, output/601127_hemi-L_streamlengths_unfold.png, output/unfold_data.pkl, output/601127_hemi-L_AP_viridis.gif, output/601127_hemi-L_IO_viridis.gif, output/601127_hemi-L_PD_viridis.gif, output/601127_hemi-L_GI_violinplot_group.png, output/601127_hemi-L_GI_lineplot_group.png, output/601127_hemi-L_streamlengths_violinplot_group.png, output/601127_hemi-L_streamlengths_lineplot_group.png, output/601127_hemi-L_qMap_violinplot_group.png, output/601127_hemi-L_qMap_lineplot_group.png
    jobid: 0

[Wed Jul 15 20:45:39 2020]
Finished job 0.
4 of 4 steps (100%) done
Complete log: /scratch/myousif9/snakemake_hippocampal_unfolding/.snakemake/log/2020-07-15T204522.157498.snakemake.log
