Building DAG of jobs...
Using shell: /cvmfs/soft.computecanada.ca/nix/var/nix/profiles/16.09/bin/bash
Provided cores: 1 (use --cores to define parallelism)
Rules claiming more threads will be scaled down.
Job counts:
	count	jobs
	1	all
	3	gif_hippo
	6	visualize_group
	10

[Wed Jul 15 14:00:00 2020]
rule visualize_group:
    input: output/unfold_data.pkl
    output: output/601127_hemi-L_streamlengths_lineplot_group.png
    jobid: 11
    wildcards: subject=601127, hemi=L, feature=streamlengths, plot=lineplot

[Wed Jul 15 14:00:40 2020]
Finished job 11.
1 of 10 steps (10%) done

[Wed Jul 15 14:00:40 2020]
rule visualize_group:
    input: output/unfold_data.pkl
    output: output/601127_hemi-L_GI_lineplot_group.png
    jobid: 9
    wildcards: subject=601127, hemi=L, feature=GI, plot=lineplot

Warning: the following output files of rule visualize_group were not present when the DAG was created:
{'output/601127_hemi-L_GI_lineplot_group.png'}
Terminating processes on user request, this might take some time.
[Wed Jul 15 14:01:15 2020]
Error in rule visualize_group:
    jobid: 9
    output: output/601127_hemi-L_GI_lineplot_group.png

RuleException:
CalledProcessError in line 69 of /scratch/myousif9/snakemake_hippocampal_unfolding/Snakefile:
Command 'set -euo pipefail;  /home/myousif9/venv3/bin/python /scratch/myousif9/snakemake_hippocampal_unfolding/.snakemake/scripts/tmp2nlx59ge.visualize_group.py' returned non-zero exit status 1.
  File "/scratch/myousif9/snakemake_hippocampal_unfolding/Snakefile", line 69, in __rule_visualize_group
  File "/cvmfs/soft.computecanada.ca/easybuild/software/2017/Core/python/3.7.4/lib/python3.7/concurrent/futures/thread.py", line 57, in run
Removing output files of failed job visualize_group since they might be corrupted:
output/601127_hemi-L_GI_lineplot_group.png
Complete log: /scratch/myousif9/snakemake_hippocampal_unfolding/.snakemake/log/2020-07-15T135959.975128.snakemake.log
