Building DAG of jobs...
Using shell: /cvmfs/soft.computecanada.ca/nix/var/nix/profiles/16.09/bin/bash
Provided cores: 1 (use --cores to define parallelism)
Rules claiming more threads will be scaled down.
Job counts:
	count	jobs
	1	all
	1	gen_figure
	2

[Fri May 15 13:40:08 2020]
rule gen_figure:
    input: /scratch/jdekrake/hcp_unfolding3/100610/hemi-L/unfold.mat, /scratch/jdekrake/hcp_unfolding3/100610/hemi-L/surf.mat, /scratch/jdekrake/Hippocampal_AutoTop/misc/BigBrain_ManualSubfieldsUnfolded.mat
    output: output/100610_unfolded.png
    jobid: 1

[Fri May 15 13:40:11 2020]
Finished job 1.
1 of 2 steps (50%) done

[Fri May 15 13:40:11 2020]
localrule all:
    input: output/100610_unfolded.png
    jobid: 0

[Fri May 15 13:40:11 2020]
Finished job 0.
2 of 2 steps (100%) done
Complete log: /scratch/myousif9/snakemake_hippocampal_unfolding/.snakemake/log/2020-05-15T134007.504802.snakemake.log
