Building DAG of jobs...
Using shell: /cvmfs/soft.computecanada.ca/nix/var/nix/profiles/16.09/bin/bash
Provided cores: 1 (use --cores to define parallelism)
Rules claiming more threads will be scaled down.
Job counts:
	count	jobs
	1	all
	1	gif_hippo
	1	unfolded_plotting_data_extraction
	3

[Thu May 21 12:34:49 2020]
rule unfolded_plotting_data_extraction:
    input: /scratch/jdekrake/hcp_unfolding3/100610/hemi-L/unfold.mat, /scratch/jdekrake/hcp_unfolding3/100610/hemi-L/surf.mat, /scratch/jdekrake/Hippocampal_AutoTop/misc/BigBrain_ManualSubfieldsUnfolded.mat
    output: output/100610_unfolded.npz, output/100610_unfold_data.pkl, output/100610_thick_unfold.png, output/100610_GI_unfold.png, output/100610_qmap_unfold.png
    jobid: 1
    wildcards: subject=100610

[Thu May 21 12:34:55 2020]
Finished job 1.
1 of 3 steps (33%) done

[Thu May 21 12:34:55 2020]
rule gif_hippo:
    input: /scratch/jdekrake/hcp_unfolding3/100610/hemi-L/coords-AP.nii.gz, /scratch/jdekrake/hcp_unfolding3/100610/hemi-L/coords-IO.nii.gz, /scratch/jdekrake/hcp_unfolding3/100610/hemi-L/coords-PD.nii.gz
    output: output/100610_ap.gif, output/100610_io.gif, output/100610_pd.gif
    log: logs/gif_hippo_100610.log
    jobid: 2
    wildcards: subject=100610

[Thu May 21 12:34:58 2020]
Error in rule gif_hippo:
    jobid: 2
    output: output/100610_ap.gif, output/100610_io.gif, output/100610_pd.gif
    log: logs/gif_hippo_100610.log (check log file(s) for error message)
    shell:
        
            (gunzip -k /scratch/jdekrake/hcp_unfolding3/100610/hemi-L/coords-AP.nii.gz &&
            mv /scratch/jdekrake/hcp_unfolding3/100610/hemi-L/coords-AP.nii output/100610_ap.nii &&
            gif_your_nifti --fps 30 --mode psuedocolor --cmap parula output/100610_ap.nii) &> logs/gif_hippo_100610.log
           
            (gunzip -k /scratch/jdekrake/hcp_unfolding3/100610/hemi-L/coords-IO.nii.gz &&
            mv /scratch/jdekrake/hcp_unfolding3/100610/hemi-L/coords-IO.nii output/100610_io.nii &&
            gif_your_nifti --fps 30 --mode pseudocolor --cmap parula output/100610_io.nii) &> logs/gif_hippo_100610.log

            (gunzip -k /scratch/jdekrake/hcp_unfolding3/100610/hemi-L/coords-PD.nii.gz &&
            mv /scratch/jdekrake/hcp_unfolding3/100610/hemi-L/coords-PD.nii output/100610_pd.nii
            gif_your_nifti --fps 30 --mode pseudocolor --cmap parula output/100610_pd.nii) &> logs/gif_hippo_100610.log
        
        (one of the commands exited with non-zero exit code; note that snakemake uses bash strict mode!)

Shutting down, this might take some time.
Exiting because a job execution failed. Look above for error message
Complete log: /scratch/myousif9/snakemake_hippocampal_unfolding/.snakemake/log/2020-05-21T123448.951192.snakemake.log
