Building DAG of jobs...
Using shell: /cvmfs/soft.computecanada.ca/nix/var/nix/profiles/16.09/bin/bash
Provided cores: 1 (use --cores to define parallelism)
Rules claiming more threads will be scaled down.
Job counts:
	count	jobs
	1	aggregate
	1	all
	3	gif_hippo
	6	visualize_group
	11

[Thu Jul 16 11:38:31 2020]
rule aggregate:
    input: output/601127_unfold_data.pkl
    output: output/unfold_data.pkl
    jobid: 4

[Thu Jul 16 11:38:35 2020]
Finished job 4.
1 of 11 steps (9%) done

[Thu Jul 16 11:38:35 2020]
rule visualize_group:
    input: output/unfold_data.pkl
    output: output/601127_hemi-L_streamlengths_violinplot_group.png
    jobid: 10
    wildcards: subject=601127, hemi=L, feature=streamlengths, plot=violinplot

[Thu Jul 16 11:39:14 2020]
Finished job 10.
2 of 11 steps (18%) done

[Thu Jul 16 11:39:14 2020]
rule visualize_group:
    input: output/unfold_data.pkl
    output: output/601127_hemi-L_GI_violinplot_group.png
    jobid: 8
    wildcards: subject=601127, hemi=L, feature=GI, plot=violinplot

Warning: the following output files of rule visualize_group were not present when the DAG was created:
{'output/601127_hemi-L_GI_violinplot_group.png'}
[Thu Jul 16 11:39:54 2020]
Finished job 8.
3 of 11 steps (27%) done

[Thu Jul 16 11:39:54 2020]
rule visualize_group:
    input: output/unfold_data.pkl
    output: output/601127_hemi-L_GI_lineplot_group.png
    jobid: 9
    wildcards: subject=601127, hemi=L, feature=GI, plot=lineplot

Warning: the following output files of rule visualize_group were not present when the DAG was created:
{'output/601127_hemi-L_GI_lineplot_group.png'}
[Thu Jul 16 11:40:34 2020]
Finished job 9.
4 of 11 steps (36%) done

[Thu Jul 16 11:40:34 2020]
rule visualize_group:
    input: output/unfold_data.pkl
    output: output/601127_hemi-L_streamlengths_lineplot_group.png
    jobid: 11
    wildcards: subject=601127, hemi=L, feature=streamlengths, plot=lineplot

Warning: the following output files of rule visualize_group were not present when the DAG was created:
{'output/601127_hemi-L_streamlengths_lineplot_group.png'}
[Thu Jul 16 11:41:14 2020]
Finished job 11.
5 of 11 steps (45%) done

[Thu Jul 16 11:41:14 2020]
rule visualize_group:
    input: output/unfold_data.pkl
    output: output/601127_hemi-L_qMap_lineplot_group.png
    jobid: 13
    wildcards: subject=601127, hemi=L, feature=qMap, plot=lineplot

Warning: the following output files of rule visualize_group were not present when the DAG was created:
{'output/601127_hemi-L_qMap_lineplot_group.png'}
[Thu Jul 16 11:41:53 2020]
Finished job 13.
6 of 11 steps (55%) done

[Thu Jul 16 11:41:53 2020]
rule visualize_group:
    input: output/unfold_data.pkl
    output: output/601127_hemi-L_qMap_violinplot_group.png
    jobid: 12
    wildcards: subject=601127, hemi=L, feature=qMap, plot=violinplot

Warning: the following output files of rule visualize_group were not present when the DAG was created:
{'output/601127_hemi-L_qMap_violinplot_group.png'}
[Thu Jul 16 11:42:34 2020]
Finished job 12.
7 of 11 steps (64%) done

[Thu Jul 16 11:42:34 2020]
rule gif_hippo:
    input: /home/myousif9/scratch/hcp_unfolding3_jdkrek/601127/hemi-L/coords-IO.nii.gz
    output: output/601127_hemi-L_IO_viridis.gif
    jobid: 6
    wildcards: subject=601127, hemi=L, coords=IO

[Thu Jul 16 11:42:39 2020]
Finished job 6.
8 of 11 steps (73%) done

[Thu Jul 16 11:42:39 2020]
rule gif_hippo:
    input: /home/myousif9/scratch/hcp_unfolding3_jdkrek/601127/hemi-L/coords-PD.nii.gz
    output: output/601127_hemi-L_PD_viridis.gif
    jobid: 7
    wildcards: subject=601127, hemi=L, coords=PD

[Thu Jul 16 11:42:44 2020]
Finished job 7.
9 of 11 steps (82%) done

[Thu Jul 16 11:42:44 2020]
rule gif_hippo:
    input: /home/myousif9/scratch/hcp_unfolding3_jdkrek/601127/hemi-L/coords-AP.nii.gz
    output: output/601127_hemi-L_AP_viridis.gif
    jobid: 5
    wildcards: subject=601127, hemi=L, coords=AP

[Thu Jul 16 11:42:48 2020]
Finished job 5.
10 of 11 steps (91%) done

[Thu Jul 16 11:42:48 2020]
localrule all:
    input: output/601127_unfolded.npz, output/601127_unfold_data.pkl, output/601127_hemi-L_GI_unfold.png, output/601127_hemi-L_streamlengths_unfold.png, output/unfold_data.pkl, output/601127_hemi-L_AP_viridis.gif, output/601127_hemi-L_IO_viridis.gif, output/601127_hemi-L_PD_viridis.gif, output/601127_hemi-L_GI_violinplot_group.png, output/601127_hemi-L_GI_lineplot_group.png, output/601127_hemi-L_streamlengths_violinplot_group.png, output/601127_hemi-L_streamlengths_lineplot_group.png, output/601127_hemi-L_qMap_violinplot_group.png, output/601127_hemi-L_qMap_lineplot_group.png
    jobid: 0

[Thu Jul 16 11:42:48 2020]
Finished job 0.
11 of 11 steps (100%) done
Complete log: /scratch/myousif9/snakemake_hippocampal_unfolding/.snakemake/log/2020-07-16T113830.519914.snakemake.log
