Building DAG of jobs...
Using shell: /cvmfs/soft.computecanada.ca/nix/var/nix/profiles/16.09/bin/bash
Provided cores: 1 (use --cores to define parallelism)
Rules claiming more threads will be scaled down.
Conda environments: ignored
Singularity containers: ignored
Job counts:
	count	jobs
	1	all
	3	gif_hippo
	1	pickle_to_csv
	6	visualize_group
	11

[Sun Jul 26 22:01:16 2020]
rule visualize_group:
    input: output/unfold_data.pkl
    output: output/sub-100307_hemi-L_streamlengths_lineplot_group.png
    jobid: 13
    wildcards: subject=100307, hemi=L, feature=streamlengths, plot=lineplot

/project/6007967/akhanf/opt/virtualenvs/snakemake/bin/python /scratch/akhanf/test_autotop_ci/snakemake_hippocampal_unfolding/.snakemake/scripts/tmpx43g_i3e.visualize_group.py
[Sun Jul 26 22:01:20 2020]
Finished job 13.
1 of 11 steps (9%) done

[Sun Jul 26 22:01:20 2020]
rule pickle_to_csv:
    input: output/unfold_data.pkl
    output: output/unfold_data.csv
    jobid: 6

[Sun Jul 26 22:01:22 2020]
Finished job 6.
2 of 11 steps (18%) done

[Sun Jul 26 22:01:22 2020]
rule visualize_group:
    input: output/unfold_data.pkl
    output: output/sub-100307_hemi-L_qMap_lineplot_group.png
    jobid: 15
    wildcards: subject=100307, hemi=L, feature=qMap, plot=lineplot

/project/6007967/akhanf/opt/virtualenvs/snakemake/bin/python /scratch/akhanf/test_autotop_ci/snakemake_hippocampal_unfolding/.snakemake/scripts/tmp_rcuz7sy.visualize_group.py
[Sun Jul 26 22:01:26 2020]
Finished job 15.
3 of 11 steps (27%) done

[Sun Jul 26 22:01:26 2020]
rule visualize_group:
    input: output/unfold_data.pkl
    output: output/sub-100307_hemi-L_GI_lineplot_group.png
    jobid: 11
    wildcards: subject=100307, hemi=L, feature=GI, plot=lineplot

/project/6007967/akhanf/opt/virtualenvs/snakemake/bin/python /scratch/akhanf/test_autotop_ci/snakemake_hippocampal_unfolding/.snakemake/scripts/tmphsf_1pwb.visualize_group.py
[Sun Jul 26 22:01:29 2020]
Finished job 11.
4 of 11 steps (36%) done

[Sun Jul 26 22:01:29 2020]
rule visualize_group:
    input: output/unfold_data.pkl
    output: output/sub-100307_hemi-L_streamlengths_violinplot_group.png
    jobid: 12
    wildcards: subject=100307, hemi=L, feature=streamlengths, plot=violinplot

/project/6007967/akhanf/opt/virtualenvs/snakemake/bin/python /scratch/akhanf/test_autotop_ci/snakemake_hippocampal_unfolding/.snakemake/scripts/tmpnkin0udr.visualize_group.py
[Sun Jul 26 22:01:33 2020]
Finished job 12.
5 of 11 steps (45%) done

[Sun Jul 26 22:01:33 2020]
rule visualize_group:
    input: output/unfold_data.pkl
    output: output/sub-100307_hemi-L_qMap_violinplot_group.png
    jobid: 14
    wildcards: subject=100307, hemi=L, feature=qMap, plot=violinplot

/project/6007967/akhanf/opt/virtualenvs/snakemake/bin/python /scratch/akhanf/test_autotop_ci/snakemake_hippocampal_unfolding/.snakemake/scripts/tmpzle1txeq.visualize_group.py
[Sun Jul 26 22:01:36 2020]
Finished job 14.
6 of 11 steps (55%) done

[Sun Jul 26 22:01:36 2020]
rule visualize_group:
    input: output/unfold_data.pkl
    output: output/sub-100307_hemi-L_GI_violinplot_group.png
    jobid: 10
    wildcards: subject=100307, hemi=L, feature=GI, plot=violinplot

/project/6007967/akhanf/opt/virtualenvs/snakemake/bin/python /scratch/akhanf/test_autotop_ci/snakemake_hippocampal_unfolding/.snakemake/scripts/tmpo0uos2ve.visualize_group.py
[Sun Jul 26 22:01:39 2020]
Finished job 10.
7 of 11 steps (64%) done

[Sun Jul 26 22:01:39 2020]
rule gif_hippo:
    input: /scratch/akhanf/test_autotop_ci/output_bidsBatch_cpu/sub-100307/hemi-L/coords-IO.nii.gz
    output: output/sub-100307_hemi-L_IO_viridis.gif
    jobid: 8
    wildcards: subject=100307, hemi=L, coords=IO


        gunzip -k -c /scratch/akhanf/test_autotop_ci/output_bidsBatch_cpu/sub-100307/hemi-L/coords-IO.nii.gz > output/sub-100307_hemi-L_IO.nii;
        gif_your_nifti output/sub-100307_hemi-L_IO.nii --fps 30 --mode pseudocolor --size 0.5 --cmap viridis
        
[Sun Jul 26 22:01:40 2020]
Error in rule gif_hippo:
    jobid: 8
    output: output/sub-100307_hemi-L_IO_viridis.gif
    shell:
        
        gunzip -k -c /scratch/akhanf/test_autotop_ci/output_bidsBatch_cpu/sub-100307/hemi-L/coords-IO.nii.gz > output/sub-100307_hemi-L_IO.nii;
        gif_your_nifti output/sub-100307_hemi-L_IO.nii --fps 30 --mode pseudocolor --size 0.5 --cmap viridis
        
        (one of the commands exited with non-zero exit code; note that snakemake uses bash strict mode!)

Shutting down, this might take some time.
Exiting because a job execution failed. Look above for error message
Complete log: /scratch/akhanf/test_autotop_ci/snakemake_hippocampal_unfolding/.snakemake/log/2020-07-26T220115.850533.snakemake.log
