Building DAG of jobs...
Using shell: /cvmfs/soft.computecanada.ca/nix/var/nix/profiles/16.09/bin/bash
Provided cores: 1 (use --cores to define parallelism)
Rules claiming more threads will be scaled down.
Job counts:
	count	jobs
	1	aggregate
	1	all
	1	data_extraction
	2	gen_figure
	5

[Thu Jul  2 23:03:06 2020]
rule data_extraction:
    input: /scratch/jdekrake/Hippocampal_AutoTop/misc/BigBrain_ManualSubfieldsUnfolded.mat, /home/myousif9/scratch/hcp_unfolding3_jdkrek/601127/hemi-L/surf.mat
    output: output/601127_unfolded.npz, output/601127_unfold_data.pkl
    jobid: 1
    wildcards: subject=601127

[Thu Jul  2 23:03:08 2020]
Error in rule data_extraction:
    jobid: 1
    output: output/601127_unfolded.npz, output/601127_unfold_data.pkl

RuleException:
CalledProcessError in line 28 of /scratch/myousif9/snakemake_hippocampal_unfolding/Snakefile:
Command 'set -euo pipefail;  /home/myousif9/venv3/bin/python /scratch/myousif9/snakemake_hippocampal_unfolding/.snakemake/scripts/tmpcvpqeh4r.dataextract.py' returned non-zero exit status 1.
  File "/scratch/myousif9/snakemake_hippocampal_unfolding/Snakefile", line 28, in __rule_data_extraction
  File "/cvmfs/soft.computecanada.ca/easybuild/software/2017/Core/python/3.7.4/lib/python3.7/concurrent/futures/thread.py", line 57, in run
Shutting down, this might take some time.
Exiting because a job execution failed. Look above for error message
Complete log: /scratch/myousif9/snakemake_hippocampal_unfolding/.snakemake/log/2020-07-02T230305.510962.snakemake.log
