CMD: visualqc_freesurfer --fs_dir /home/myousif9/scratch/DM2_fmriprep/freesurfer/ --out_dir /home/myousif9/scratch/visualqc_freesurfer
START_TIME: Wed May 20 10:25:51 EDT 2020
/home/myousif9/venv3/lib/python3.7/site-packages/visualqc/utils.py:690: UserWarning: The following subjects do NOT have all the required files or some are empty - skipping them!
  warnings.warn('The following subjects do NOT have all the required files'
Traceback (most recent call last):
  File "/home/myousif9/venv3/lib/python3.7/site-packages/visualqc/workflows.py", line 365, in extract_features
    self.feature_paths[feat_type] = self.feature_extractor(self, feat_type)
  File "/home/myousif9/venv3/lib/python3.7/site-packages/visualqc/readers.py", line 174, in gather_freesurfer_data
    [read_aparc_stats_wholebrain(qcw.in_dir, id) for id in qcw.id_list])
  File "/home/myousif9/venv3/lib/python3.7/site-packages/visualqc/readers.py", line 174, in <listcomp>
    [read_aparc_stats_wholebrain(qcw.in_dir, id) for id in qcw.id_list])
  File "/home/myousif9/venv3/lib/python3.7/site-packages/visualqc/readers.py", line 80, in read_aparc_stats_wholebrain
    hm_data = read_aparc_stats_in_hemi(stats_path, subset)
  File "/home/myousif9/venv3/lib/python3.7/site-packages/visualqc/readers.py", line 98, in read_aparc_stats_in_hemi
    raise IOError('given path does not exist : {}'.format(stats_file))
OSError: given path does not exist : /scratch/myousif9/DM2_fmriprep/freesurfer/fsaverage/stats/lh.aparc.stats
Traceback (most recent call last):
  File "/home/myousif9/venv3/lib/python3.7/site-packages/visualqc/workflows.py", line 365, in extract_features
    self.feature_paths[feat_type] = self.feature_extractor(self, feat_type)
  File "/home/myousif9/venv3/lib/python3.7/site-packages/visualqc/readers.py", line 176, in gather_freesurfer_data
    features = np.vstack([read_aseg_stats(qcw.fs_dir, id) for id in qcw.id_list])
  File "/home/myousif9/venv3/lib/python3.7/site-packages/visualqc/readers.py", line 176, in <listcomp>
    features = np.vstack([read_aseg_stats(qcw.fs_dir, id) for id in qcw.id_list])
AttributeError: 'FreesurferRatingWorkflow' object has no attribute 'fs_dir'
sub-S117
sub-S100
sub-S105
sub-S76


The following files do not exist or empty: 
 /scratch/myousif9/DM2_fmriprep/freesurfer/sub-S117/mri/aparc+aseg.mgz
/scratch/myousif9/DM2_fmriprep/freesurfer/sub-S100/mri/aparc+aseg.mgz
/scratch/myousif9/DM2_fmriprep/freesurfer/sub-S105/mri/aparc+aseg.mgz
/scratch/myousif9/DM2_fmriprep/freesurfer/sub-S76/mri/aparc+aseg.mgz 


127 subjects are usable for review.
Input folder: /home/myousif9/scratch/DM2_fmriprep/freesurfer/
Output folder: /home/myousif9/scratch/visualqc_freesurfer
Preprocessing data - please wait .. 
	(or contemplate the vastness of universe! )
Extracting feature type: cortical
Unable to extract cortical features - skipping them.
Extracting feature type: subcortical
Unable to extract subcortical features - skipping them.
Features required for outlier detection are not available - skipping it.
Attempting to generate the surface visualizations of parcellation ...
Freesurfer does not seem to be installed - skipping surface visualizations.
Processing sub-S34
Processing sub-S45
Processing sub-S58
Processing sub-S47
Processing sub-S73
Processing sub-S28
Processing sub-S30
Processing sub-S118
Processing sub-S49
Processing sub-S50
Processing sub-S116
Processing sub-S83
Processing sub-S74
Processing sub-S42
Processing sub-S112
Processing sub-S64
Processing sub-S119
Processing sub-S86
Processing sub-S20
Processing sub-S122
Processing sub-S15
Processing sub-S22
Processing sub-S104
Processing sub-S14
Processing sub-S13
Processing sub-S126
Processing sub-S115
Processing sub-S51
Processing sub-S108
Processing sub-S125
Processing sub-S91
Processing sub-S132
Processing sub-S53
Processing sub-S52
Processing sub-S56
Processing sub-S92
Processing sub-S03
Processing sub-S80
Processing sub-S90
Processing sub-S94
Processing sub-S133
Processing sub-S70
Processing sub-S127
Processing sub-S48
Processing sub-S71
Processing sub-S29
Processing sub-S06
Processing sub-S65
Processing sub-S130
Processing sub-S131
Processing sub-S110
Processing sub-S99
Processing sub-S40
Processing sub-S55
Processing sub-S08
Processing sub-S113
Processing sub-S101
Processing sub-S97
Processing sub-S54
Processing sub-S39
Processing sub-S128
Processing sub-S85
Processing sub-S59
Processing sub-S106
Processing sub-S75
Processing fsaverage
Processing sub-S09
Processing sub-S98
Processing sub-S01
Processing sub-S114
Processing sub-S87
Processing sub-S82
Processing sub-S109
Processing sub-S21
Processing sub-S18
Processing sub-S67
Processing sub-S107
Processing sub-S120
Processing sub-S89
Processing sub-S84
Processing sub-S57
Processing sub-S60
Processing sub-S26
Processing sub-S46
Processing sub-S23
Processing sub-S27
Processing sub-S63
Processing sub-S38
Processing sub-S24
Processing sub-S69
Processing sub-S102
Processing sub-S93
Processing sub-S79
Processing sub-S123
Processing sub-S44
Processing sub-S111
Processing sub-S66
Processing sub-S78
Processing sub-S33
Processing sub-S95
Processing sub-S12
Processing sub-S07
Processing sub-S121
Processing sub-S81
Processing sub-S36
Processing sub-S02
Processing sub-S17
Processing sub-S61
Processing sub-S32
Processing sub-S19
Processing sub-S05
Processing sub-S35
Processing sub-S25
Processing sub-S72
Processing sub-S16
Processing sub-S103
Processing sub-S96
Processing sub-S62
Processing sub-S41
Processing sub-S88
Processing sub-S10
Processing sub-S129
Processing sub-S11
Processing sub-S124
Processing sub-S68
Processing sub-S04
Processing sub-S43
Restoring ratings from previous session(s), if they exist ..
To be reviewed : 127


Reviewing sub-S34
Traceback (most recent call last):
  File "/home/myousif9/venv3/bin/visualqc_freesurfer", line 10, in <module>
    sys.exit(main())
  File "/home/myousif9/venv3/lib/python3.7/site-packages/visualqc/__freesurfer__.py", line 11, in main
    freesurfer.cli_run()
  File "/home/myousif9/venv3/lib/python3.7/site-packages/visualqc/freesurfer.py", line 1074, in cli_run
    wf.run()
  File "/home/myousif9/venv3/lib/python3.7/site-packages/visualqc/workflows.py", line 78, in run
    self.loop_through_units()
  File "/home/myousif9/venv3/lib/python3.7/site-packages/visualqc/workflows.py", line 192, in loop_through_units
    self.show_fig_and_wait()
  File "/home/myousif9/venv3/lib/python3.7/site-packages/visualqc/workflows.py", line 224, in show_fig_and_wait
    self.fig.canvas.manager.show()
  File "/home/myousif9/venv3/lib/python3.7/site-packages/matplotlib/backend_bases.py", line 2574, in show
    raise NonGuiException()
matplotlib.backend_bases.NonGuiException
RETURNVAL=1
END_TIME: Wed May 20 10:26:41 EDT 2020
